<?xml version="1.0" encoding="UTF-8"?>
<!-- Generated by org.testng.reporters.JUnitReportReporter -->
<testsuite hostname="DESKTOP-3C1D9SD" failures="0" tests="1" name="Testcases.VerifyFailureLogin" time="2.276" errors="0" timestamp="13 Sep 2022 16:59:40 GMT">
  <testcase classname="Testcases.VerifyFailureLogin" name="verifyFailureLogin" time="2.276"/>
</testsuite> <!-- Testcases.VerifyFailureLogin -->
