<?xml version="1.0" encoding="UTF-8"?>
<!-- Generated by org.testng.reporters.JUnitReportReporter -->
<testsuite hostname="DESKTOP-3C1D9SD" failures="0" tests="1" name="Testcases.Verifycheckboxes" time="3.384" errors="0" timestamp="13 Sep 2022 22:07:27 GMT">
  <testcase classname="Testcases.Verifycheckboxes" name="verifycheckAndUncheck" time="3.384"/>
</testsuite> <!-- Testcases.Verifycheckboxes -->
